[2022-10-28 21:26:13] local.ERROR: syntax error, unexpected token "}" {"exception":"[object] (ParseError(code: 0): syntax error, unexpected token \"}\" at C:\\Users\\irakli\\Desktop\\php projects\\davaleba_3\\database\\seeders\\DatabaseSeeder.php:26)
[stacktrace]
#0 C:\\Users\\irakli\\Desktop\\php projects\\davaleba_3\\vendor\\composer\\ClassLoader.php(428): Composer\\Autoload\\includeFile()
#1 [internal function]: Composer\\Autoload\\ClassLoader->loadClass()
#2 C:\\Users\\irakli\\Desktop\\php projects\\davaleba_3\\vendor\\laravel\\framework\\src\\Illuminate\\Database\\Console\\Seeds\\SeedCommand.php(105): class_exists()
#3 C:\\Users\\irakli\\Desktop\\php projects\\davaleba_3\\vendor\\laravel\\framework\\src\\Illuminate\\Database\\Console\\Seeds\\SeedCommand.php(81): Illuminate\\Database\\Console\\Seeds\\SeedCommand->getSeeder()
#4 C:\\Users\\irakli\\Desktop\\php projects\\davaleba_3\\vendor\\laravel\\framework\\src\\Illuminate\\Database\\Eloquent\\Concerns\\GuardsAttributes.php(155): Illuminate\\Database\\Console\\Seeds\\SeedCommand->Illuminate\\Database\\Console\\Seeds\\{closure}()
#5 C:\\Users\\irakli\\Desktop\\php projects\\davaleba_3\\vendor\\laravel\\framework\\src\\Illuminate\\Database\\Console\\Seeds\\SeedCommand.php(82): Illuminate\\Database\\Eloquent\\Model::unguarded()
#6 C:\\Users\\irakli\\Desktop\\php projects\\davaleba_3\\vendor\\laravel\\framework\\src\\Illuminate\\Container\\BoundMethod.php(36): Illuminate\\Database\\Console\\Seeds\\SeedCommand->handle()
#7 C:\\Users\\irakli\\Desktop\\php projects\\davaleba_3\\vendor\\laravel\\framework\\src\\Illuminate\\Container\\Util.php(41): Illuminate\\Container\\BoundMethod::Illuminate\\Container\\{closure}()
#8 C:\\Users\\irakli\\Desktop\\php projects\\davaleba_3\\vendor\\laravel\\framework\\src\\Illuminate\\Container\\BoundMethod.php(93): Illuminate\\Container\\Util::unwrapIfClosure()
#9 C:\\Users\\irakli\\Desktop\\php projects\\davaleba_3\\vendor\\laravel\\framework\\src\\Illuminate\\Container\\BoundMethod.php(37): Illuminate\\Container\\BoundMethod::callBoundMethod()
#10 C:\\Users\\irakli\\Desktop\\php projects\\davaleba_3\\vendor\\laravel\\framework\\src\\Illuminate\\Container\\Container.php(651): Illuminate\\Container\\BoundMethod::call()
#11 C:\\Users\\irakli\\Desktop\\php projects\\davaleba_3\\vendor\\laravel\\framework\\src\\Illuminate\\Console\\Command.php(144): Illuminate\\Container\\Container->call()
#12 C:\\Users\\irakli\\Desktop\\php projects\\davaleba_3\\vendor\\symfony\\console\\Command\\Command.php(308): Illuminate\\Console\\Command->execute()
#13 C:\\Users\\irakli\\Desktop\\php projects\\davaleba_3\\vendor\\laravel\\framework\\src\\Illuminate\\Console\\Command.php(126): Symfony\\Component\\Console\\Command\\Command->run()
#14 C:\\Users\\irakli\\Desktop\\php projects\\davaleba_3\\vendor\\symfony\\console\\Application.php(1014): Illuminate\\Console\\Command->run()
#15 C:\\Users\\irakli\\Desktop\\php projects\\davaleba_3\\vendor\\symfony\\console\\Application.php(301): Symfony\\Component\\Console\\Application->doRunCommand()
#16 C:\\Users\\irakli\\Desktop\\php projects\\davaleba_3\\vendor\\symfony\\console\\Application.php(171): Symfony\\Component\\Console\\Application->doRun()
#17 C:\\Users\\irakli\\Desktop\\php projects\\davaleba_3\\vendor\\laravel\\framework\\src\\Illuminate\\Console\\Application.php(102): Symfony\\Component\\Console\\Application->run()
#18 C:\\Users\\irakli\\Desktop\\php projects\\davaleba_3\\vendor\\laravel\\framework\\src\\Illuminate\\Foundation\\Console\\Kernel.php(155): Illuminate\\Console\\Application->run()
#19 C:\\Users\\irakli\\Desktop\\php projects\\davaleba_3\\artisan(37): Illuminate\\Foundation\\Console\\Kernel->handle()
#20 {main}
"} 
[2022-10-28 21:26:24] local.ERROR: Call to undefined function Database\Seeders\call() {"exception":"[object] (Error(code: 0): Call to undefined function Database\\Seeders\\call() at C:\\Users\\irakli\\Desktop\\php projects\\davaleba_3\\database\\seeders\\DatabaseSeeder.php:23)
[stacktrace]
#0 C:\\Users\\irakli\\Desktop\\php projects\\davaleba_3\\vendor\\laravel\\framework\\src\\Illuminate\\Container\\BoundMethod.php(36): Database\\Seeders\\DatabaseSeeder->run()
#1 C:\\Users\\irakli\\Desktop\\php projects\\davaleba_3\\vendor\\laravel\\framework\\src\\Illuminate\\Container\\Util.php(41): Illuminate\\Container\\BoundMethod::Illuminate\\Container\\{closure}()
#2 C:\\Users\\irakli\\Desktop\\php projects\\davaleba_3\\vendor\\laravel\\framework\\src\\Illuminate\\Container\\BoundMethod.php(93): Illuminate\\Container\\Util::unwrapIfClosure()
#3 C:\\Users\\irakli\\Desktop\\php projects\\davaleba_3\\vendor\\laravel\\framework\\src\\Illuminate\\Container\\BoundMethod.php(37): Illuminate\\Container\\BoundMethod::callBoundMethod()
#4 C:\\Users\\irakli\\Desktop\\php projects\\davaleba_3\\vendor\\laravel\\framework\\src\\Illuminate\\Container\\Container.php(651): Illuminate\\Container\\BoundMethod::call()
#5 C:\\Users\\irakli\\Desktop\\php projects\\davaleba_3\\vendor\\laravel\\framework\\src\\Illuminate\\Database\\Seeder.php(184): Illuminate\\Container\\Container->call()
#6 C:\\Users\\irakli\\Desktop\\php projects\\davaleba_3\\vendor\\laravel\\framework\\src\\Illuminate\\Database\\Seeder.php(193): Illuminate\\Database\\Seeder->Illuminate\\Database\\{closure}()
#7 C:\\Users\\irakli\\Desktop\\php projects\\davaleba_3\\vendor\\laravel\\framework\\src\\Illuminate\\Database\\Console\\Seeds\\SeedCommand.php(81): Illuminate\\Database\\Seeder->__invoke()
#8 C:\\Users\\irakli\\Desktop\\php projects\\davaleba_3\\vendor\\laravel\\framework\\src\\Illuminate\\Database\\Eloquent\\Concerns\\GuardsAttributes.php(155): Illuminate\\Database\\Console\\Seeds\\SeedCommand->Illuminate\\Database\\Console\\Seeds\\{closure}()
#9 C:\\Users\\irakli\\Desktop\\php projects\\davaleba_3\\vendor\\laravel\\framework\\src\\Illuminate\\Database\\Console\\Seeds\\SeedCommand.php(82): Illuminate\\Database\\Eloquent\\Model::unguarded()
#10 C:\\Users\\irakli\\Desktop\\php projects\\davaleba_3\\vendor\\laravel\\framework\\src\\Illuminate\\Container\\BoundMethod.php(36): Illuminate\\Database\\Console\\Seeds\\SeedCommand->handle()
#11 C:\\Users\\irakli\\Desktop\\php projects\\davaleba_3\\vendor\\laravel\\framework\\src\\Illuminate\\Container\\Util.php(41): Illuminate\\Container\\BoundMethod::Illuminate\\Container\\{closure}()
#12 C:\\Users\\irakli\\Desktop\\php projects\\davaleba_3\\vendor\\laravel\\framework\\src\\Illuminate\\Container\\BoundMethod.php(93): Illuminate\\Container\\Util::unwrapIfClosure()
#13 C:\\Users\\irakli\\Desktop\\php projects\\davaleba_3\\vendor\\laravel\\framework\\src\\Illuminate\\Container\\BoundMethod.php(37): Illuminate\\Container\\BoundMethod::callBoundMethod()
#14 C:\\Users\\irakli\\Desktop\\php projects\\davaleba_3\\vendor\\laravel\\framework\\src\\Illuminate\\Container\\Container.php(651): Illuminate\\Container\\BoundMethod::call()
#15 C:\\Users\\irakli\\Desktop\\php projects\\davaleba_3\\vendor\\laravel\\framework\\src\\Illuminate\\Console\\Command.php(144): Illuminate\\Container\\Container->call()
#16 C:\\Users\\irakli\\Desktop\\php projects\\davaleba_3\\vendor\\symfony\\console\\Command\\Command.php(308): Illuminate\\Console\\Command->execute()
#17 C:\\Users\\irakli\\Desktop\\php projects\\davaleba_3\\vendor\\laravel\\framework\\src\\Illuminate\\Console\\Command.php(126): Symfony\\Component\\Console\\Command\\Command->run()
#18 C:\\Users\\irakli\\Desktop\\php projects\\davaleba_3\\vendor\\symfony\\console\\Application.php(1014): Illuminate\\Console\\Command->run()
#19 C:\\Users\\irakli\\Desktop\\php projects\\davaleba_3\\vendor\\symfony\\console\\Application.php(301): Symfony\\Component\\Console\\Application->doRunCommand()
#20 C:\\Users\\irakli\\Desktop\\php projects\\davaleba_3\\vendor\\symfony\\console\\Application.php(171): Symfony\\Component\\Console\\Application->doRun()
#21 C:\\Users\\irakli\\Desktop\\php projects\\davaleba_3\\vendor\\laravel\\framework\\src\\Illuminate\\Console\\Application.php(102): Symfony\\Component\\Console\\Application->run()
#22 C:\\Users\\irakli\\Desktop\\php projects\\davaleba_3\\vendor\\laravel\\framework\\src\\Illuminate\\Foundation\\Console\\Kernel.php(155): Illuminate\\Console\\Application->run()
#23 C:\\Users\\irakli\\Desktop\\php projects\\davaleba_3\\artisan(37): Illuminate\\Foundation\\Console\\Kernel->handle()
#24 {main}
"} 
[2022-10-28 21:39:03] local.ERROR: Class "App\Modules\youtube" not found {"exception":"[object] (Error(code: 0): Class \"App\\Modules\\youtube\" not found at C:\\Users\\irakli\\Desktop\\php projects\\davaleba_3\\database\\seeders\\YoutubeSeeder.php:18)
[stacktrace]
#0 C:\\Users\\irakli\\Desktop\\php projects\\davaleba_3\\vendor\\laravel\\framework\\src\\Illuminate\\Container\\BoundMethod.php(36): Database\\Seeders\\YoutubeSeeder->run()
#1 C:\\Users\\irakli\\Desktop\\php projects\\davaleba_3\\vendor\\laravel\\framework\\src\\Illuminate\\Container\\Util.php(41): Illuminate\\Container\\BoundMethod::Illuminate\\Container\\{closure}()
#2 C:\\Users\\irakli\\Desktop\\php projects\\davaleba_3\\vendor\\laravel\\framework\\src\\Illuminate\\Container\\BoundMethod.php(93): Illuminate\\Container\\Util::unwrapIfClosure()
#3 C:\\Users\\irakli\\Desktop\\php projects\\davaleba_3\\vendor\\laravel\\framework\\src\\Illuminate\\Container\\BoundMethod.php(37): Illuminate\\Container\\BoundMethod::callBoundMethod()
#4 C:\\Users\\irakli\\Desktop\\php projects\\davaleba_3\\vendor\\laravel\\framework\\src\\Illuminate\\Container\\Container.php(651): Illuminate\\Container\\BoundMethod::call()
#5 C:\\Users\\irakli\\Desktop\\php projects\\davaleba_3\\vendor\\laravel\\framework\\src\\Illuminate\\Database\\Seeder.php(184): Illuminate\\Container\\Container->call()
#6 C:\\Users\\irakli\\Desktop\\php projects\\davaleba_3\\vendor\\laravel\\framework\\src\\Illuminate\\Database\\Seeder.php(193): Illuminate\\Database\\Seeder->Illuminate\\Database\\{closure}()
#7 C:\\Users\\irakli\\Desktop\\php projects\\davaleba_3\\vendor\\laravel\\framework\\src\\Illuminate\\Database\\Seeder.php(61): Illuminate\\Database\\Seeder->__invoke()
#8 C:\\Users\\irakli\\Desktop\\php projects\\davaleba_3\\database\\seeders\\DatabaseSeeder.php(18): Illuminate\\Database\\Seeder->call()
#9 C:\\Users\\irakli\\Desktop\\php projects\\davaleba_3\\vendor\\laravel\\framework\\src\\Illuminate\\Container\\BoundMethod.php(36): Database\\Seeders\\DatabaseSeeder->run()
#10 C:\\Users\\irakli\\Desktop\\php projects\\davaleba_3\\vendor\\laravel\\framework\\src\\Illuminate\\Container\\Util.php(41): Illuminate\\Container\\BoundMethod::Illuminate\\Container\\{closure}()
#11 C:\\Users\\irakli\\Desktop\\php projects\\davaleba_3\\vendor\\laravel\\framework\\src\\Illuminate\\Container\\BoundMethod.php(93): Illuminate\\Container\\Util::unwrapIfClosure()
#12 C:\\Users\\irakli\\Desktop\\php projects\\davaleba_3\\vendor\\laravel\\framework\\src\\Illuminate\\Container\\BoundMethod.php(37): Illuminate\\Container\\BoundMethod::callBoundMethod()
#13 C:\\Users\\irakli\\Desktop\\php projects\\davaleba_3\\vendor\\laravel\\framework\\src\\Illuminate\\Container\\Container.php(651): Illuminate\\Container\\BoundMethod::call()
#14 C:\\Users\\irakli\\Desktop\\php projects\\davaleba_3\\vendor\\laravel\\framework\\src\\Illuminate\\Database\\Seeder.php(184): Illuminate\\Container\\Container->call()
#15 C:\\Users\\irakli\\Desktop\\php projects\\davaleba_3\\vendor\\laravel\\framework\\src\\Illuminate\\Database\\Seeder.php(193): Illuminate\\Database\\Seeder->Illuminate\\Database\\{closure}()
#16 C:\\Users\\irakli\\Desktop\\php projects\\davaleba_3\\vendor\\laravel\\framework\\src\\Illuminate\\Database\\Console\\Seeds\\SeedCommand.php(81): Illuminate\\Database\\Seeder->__invoke()
#17 C:\\Users\\irakli\\Desktop\\php projects\\davaleba_3\\vendor\\laravel\\framework\\src\\Illuminate\\Database\\Eloquent\\Concerns\\GuardsAttributes.php(155): Illuminate\\Database\\Console\\Seeds\\SeedCommand->Illuminate\\Database\\Console\\Seeds\\{closure}()
#18 C:\\Users\\irakli\\Desktop\\php projects\\davaleba_3\\vendor\\laravel\\framework\\src\\Illuminate\\Database\\Console\\Seeds\\SeedCommand.php(82): Illuminate\\Database\\Eloquent\\Model::unguarded()
#19 C:\\Users\\irakli\\Desktop\\php projects\\davaleba_3\\vendor\\laravel\\framework\\src\\Illuminate\\Container\\BoundMethod.php(36): Illuminate\\Database\\Console\\Seeds\\SeedCommand->handle()
#20 C:\\Users\\irakli\\Desktop\\php projects\\davaleba_3\\vendor\\laravel\\framework\\src\\Illuminate\\Container\\Util.php(41): Illuminate\\Container\\BoundMethod::Illuminate\\Container\\{closure}()
#21 C:\\Users\\irakli\\Desktop\\php projects\\davaleba_3\\vendor\\laravel\\framework\\src\\Illuminate\\Container\\BoundMethod.php(93): Illuminate\\Container\\Util::unwrapIfClosure()
#22 C:\\Users\\irakli\\Desktop\\php projects\\davaleba_3\\vendor\\laravel\\framework\\src\\Illuminate\\Container\\BoundMethod.php(37): Illuminate\\Container\\BoundMethod::callBoundMethod()
#23 C:\\Users\\irakli\\Desktop\\php projects\\davaleba_3\\vendor\\laravel\\framework\\src\\Illuminate\\Container\\Container.php(651): Illuminate\\Container\\BoundMethod::call()
#24 C:\\Users\\irakli\\Desktop\\php projects\\davaleba_3\\vendor\\laravel\\framework\\src\\Illuminate\\Console\\Command.php(144): Illuminate\\Container\\Container->call()
#25 C:\\Users\\irakli\\Desktop\\php projects\\davaleba_3\\vendor\\symfony\\console\\Command\\Command.php(308): Illuminate\\Console\\Command->execute()
#26 C:\\Users\\irakli\\Desktop\\php projects\\davaleba_3\\vendor\\laravel\\framework\\src\\Illuminate\\Console\\Command.php(126): Symfony\\Component\\Console\\Command\\Command->run()
#27 C:\\Users\\irakli\\Desktop\\php projects\\davaleba_3\\vendor\\symfony\\console\\Application.php(1014): Illuminate\\Console\\Command->run()
#28 C:\\Users\\irakli\\Desktop\\php projects\\davaleba_3\\vendor\\symfony\\console\\Application.php(301): Symfony\\Component\\Console\\Application->doRunCommand()
#29 C:\\Users\\irakli\\Desktop\\php projects\\davaleba_3\\vendor\\symfony\\console\\Application.php(171): Symfony\\Component\\Console\\Application->doRun()
#30 C:\\Users\\irakli\\Desktop\\php projects\\davaleba_3\\vendor\\laravel\\framework\\src\\Illuminate\\Console\\Application.php(102): Symfony\\Component\\Console\\Application->run()
#31 C:\\Users\\irakli\\Desktop\\php projects\\davaleba_3\\vendor\\laravel\\framework\\src\\Illuminate\\Foundation\\Console\\Kernel.php(155): Illuminate\\Console\\Application->run()
#32 C:\\Users\\irakli\\Desktop\\php projects\\davaleba_3\\artisan(37): Illuminate\\Foundation\\Console\\Kernel->handle()
#33 {main}
"} 
